<?xml version="1.0" encoding="UTF-8"?>
<!-- Generated by org.testng.reporters.JUnitXMLReporter -->
<testsuite ignored="0" hostname="LAPTOP-J1RFS02R" failures="1" tests="1" name="Test(failed)" time="14.635" errors="0" timestamp="2025-09-12T22:14:01 IST">
  <testcase classname="testCases.TC002_LoginTest" name="verify_login" time="11.349">
    <failure type="java.lang.AssertionError" message="expected [true] but found [false]">
      <![CDATA[java.lang.AssertionError: expected [true] but found [false]
at testCases.TC002_LoginTest.verify_login(TC002_LoginTest.java:28)
at java.base/java.util.ArrayList.forEach(ArrayList.java:1597)
... Removed 29 stack frames]]>
    </failure>
  </testcase> <!-- verify_login -->
</testsuite> <!-- Test(failed) -->
