<?xml version="1.0" encoding="UTF-8"?>
<testng-results ignored="0" total="4" passed="4" failed="0" skipped="0">
  <reporter-output>
  </reporter-output>
  <suite started-at="2025-09-13T16:30:51 IST" name="Grid docker Suite" finished-at="2025-09-13T16:31:11 IST" duration-ms="20048">
    <groups>
      <group name="regression">
        <method signature="TC001_AccountRegisterationTest.verify_account_registeration()[pri:0, instance:testCases.TC001_AccountRegisterationTest@1a6c1270]" name="verify_account_registeration" class="testCases.TC001_AccountRegisterationTest"/>
        <method signature="TC001_AccountRegisterationTest.verify_account_registeration()[pri:0, instance:testCases.TC001_AccountRegisterationTest@76884e4b]" name="verify_account_registeration" class="testCases.TC001_AccountRegisterationTest"/>
      </group> <!-- regression -->
      <group name="sanity">
        <method signature="TC002_LoginTest.verify_login()[pri:0, instance:testCases.TC002_LoginTest@421bba99]" name="verify_login" class="testCases.TC002_LoginTest"/>
        <method signature="TC002_LoginTest.verify_login()[pri:0, instance:testCases.TC002_LoginTest@126945f9]" name="verify_login" class="testCases.TC002_LoginTest"/>
      </group> <!-- sanity -->
      <group name="master">
        <method signature="TC001_AccountRegisterationTest.verify_account_registeration()[pri:0, instance:testCases.TC001_AccountRegisterationTest@1a6c1270]" name="verify_account_registeration" class="testCases.TC001_AccountRegisterationTest"/>
        <method signature="TC002_LoginTest.verify_login()[pri:0, instance:testCases.TC002_LoginTest@421bba99]" name="verify_login" class="testCases.TC002_LoginTest"/>
        <method signature="TC001_AccountRegisterationTest.verify_account_registeration()[pri:0, instance:testCases.TC001_AccountRegisterationTest@76884e4b]" name="verify_account_registeration" class="testCases.TC001_AccountRegisterationTest"/>
        <method signature="TC002_LoginTest.verify_login()[pri:0, instance:testCases.TC002_LoginTest@126945f9]" name="verify_login" class="testCases.TC002_LoginTest"/>
      </group> <!-- master -->
    </groups>
    <test started-at="2025-09-13T16:30:51 IST" name="Linux-Chrome" finished-at="2025-09-13T16:30:58 IST" duration-ms="7192">
      <class name="testCases.TC002_LoginTest">
        <test-method is-config="true" signature="setup(java.lang.String,java.lang.String)[pri:0, instance:testCases.TC002_LoginTest@421bba99]" started-at="2025-09-13T16:30:56 IST" name="setup" finished-at="2025-09-13T16:30:57 IST" duration-ms="1161" status="PASS">
          <params>
            <param index="0">
              <value>
                <![CDATA[Linux]]>
              </value>
            </param>
            <param index="1">
              <value>
                <![CDATA[chrome]]>
              </value>
            </param>
          </params>
          <reporter-output>
          </reporter-output>
        </test-method> <!-- setup -->
        <test-method signature="verify_login()[pri:0, instance:testCases.TC002_LoginTest@421bba99]" started-at="2025-09-13T16:30:57 IST" name="verify_login" finished-at="2025-09-13T16:30:58 IST" duration-ms="1301" status="PASS">
          <reporter-output>
          </reporter-output>
        </test-method> <!-- verify_login -->
        <test-method is-config="true" signature="tearDown()[pri:0, instance:testCases.TC002_LoginTest@421bba99]" started-at="2025-09-13T16:30:58 IST" name="tearDown" finished-at="2025-09-13T16:30:58 IST" duration-ms="87" status="PASS">
          <reporter-output>
          </reporter-output>
        </test-method> <!-- tearDown -->
      </class> <!-- testCases.TC002_LoginTest -->
      <class name="testCases.TC001_AccountRegisterationTest">
        <test-method is-config="true" signature="setup(java.lang.String,java.lang.String)[pri:0, instance:testCases.TC001_AccountRegisterationTest@1a6c1270]" started-at="2025-09-13T16:30:51 IST" name="setup" finished-at="2025-09-13T16:30:54 IST" duration-ms="2527" status="PASS">
          <params>
            <param index="0">
              <value>
                <![CDATA[Linux]]>
              </value>
            </param>
            <param index="1">
              <value>
                <![CDATA[chrome]]>
              </value>
            </param>
          </params>
          <reporter-output>
          </reporter-output>
        </test-method> <!-- setup -->
        <test-method signature="verify_account_registeration()[pri:0, instance:testCases.TC001_AccountRegisterationTest@1a6c1270]" started-at="2025-09-13T16:30:54 IST" name="verify_account_registeration" finished-at="2025-09-13T16:30:56 IST" duration-ms="1857" status="PASS">
          <reporter-output>
          </reporter-output>
        </test-method> <!-- verify_account_registeration -->
        <test-method is-config="true" signature="tearDown()[pri:0, instance:testCases.TC001_AccountRegisterationTest@1a6c1270]" started-at="2025-09-13T16:30:56 IST" name="tearDown" finished-at="2025-09-13T16:30:56 IST" duration-ms="80" status="PASS">
          <reporter-output>
          </reporter-output>
        </test-method> <!-- tearDown -->
      </class> <!-- testCases.TC001_AccountRegisterationTest -->
    </test> <!-- Linux-Chrome -->
    <test started-at="2025-09-13T16:31:01 IST" name="Linux-Firefox" finished-at="2025-09-13T16:31:11 IST" duration-ms="10264">
      <class name="testCases.TC002_LoginTest">
        <test-method is-config="true" signature="setup(java.lang.String,java.lang.String)[pri:0, instance:testCases.TC002_LoginTest@126945f9]" started-at="2025-09-13T16:31:07 IST" name="setup" finished-at="2025-09-13T16:31:09 IST" duration-ms="2553" status="PASS">
          <params>
            <param index="0">
              <value>
                <![CDATA[Linux]]>
              </value>
            </param>
            <param index="1">
              <value>
                <![CDATA[firefox]]>
              </value>
            </param>
          </params>
          <reporter-output>
          </reporter-output>
        </test-method> <!-- setup -->
        <test-method signature="verify_login()[pri:0, instance:testCases.TC002_LoginTest@126945f9]" started-at="2025-09-13T16:31:09 IST" name="verify_login" finished-at="2025-09-13T16:31:11 IST" duration-ms="1443" status="PASS">
          <reporter-output>
          </reporter-output>
        </test-method> <!-- verify_login -->
        <test-method is-config="true" signature="tearDown()[pri:0, instance:testCases.TC002_LoginTest@126945f9]" started-at="2025-09-13T16:31:11 IST" name="tearDown" finished-at="2025-09-13T16:31:11 IST" duration-ms="608" status="PASS">
          <reporter-output>
          </reporter-output>
        </test-method> <!-- tearDown -->
      </class> <!-- testCases.TC002_LoginTest -->
      <class name="testCases.TC001_AccountRegisterationTest">
        <test-method is-config="true" signature="setup(java.lang.String,java.lang.String)[pri:0, instance:testCases.TC001_AccountRegisterationTest@76884e4b]" started-at="2025-09-13T16:31:01 IST" name="setup" finished-at="2025-09-13T16:31:04 IST" duration-ms="2883" status="PASS">
          <params>
            <param index="0">
              <value>
                <![CDATA[Linux]]>
              </value>
            </param>
            <param index="1">
              <value>
                <![CDATA[firefox]]>
              </value>
            </param>
          </params>
          <reporter-output>
          </reporter-output>
        </test-method> <!-- setup -->
        <test-method signature="verify_account_registeration()[pri:0, instance:testCases.TC001_AccountRegisterationTest@76884e4b]" started-at="2025-09-13T16:31:04 IST" name="verify_account_registeration" finished-at="2025-09-13T16:31:06 IST" duration-ms="2204" status="PASS">
          <reporter-output>
          </reporter-output>
        </test-method> <!-- verify_account_registeration -->
        <test-method is-config="true" signature="tearDown()[pri:0, instance:testCases.TC001_AccountRegisterationTest@76884e4b]" started-at="2025-09-13T16:31:06 IST" name="tearDown" finished-at="2025-09-13T16:31:07 IST" duration-ms="559" status="PASS">
          <reporter-output>
          </reporter-output>
        </test-method> <!-- tearDown -->
      </class> <!-- testCases.TC001_AccountRegisterationTest -->
    </test> <!-- Linux-Firefox -->
  </suite> <!-- Grid docker Suite -->
</testng-results>
